# JRE version: OpenJDK Runtime Environment GraalVM CE 22.3.0 (17.0.5+8) (build 17.0.5+8-jvmci-22.3-b08)
# Java VM: OpenJDK 64-Bit Server VM GraalVM CE 22.3.0 (17.0.5+8-jvmci-22.3-b08, mixed mode, sharing, tiered, jvmci, jvmci compiler, compressed oops, compressed class ptrs, parallel gc, linux-amd64)
GC Precious Log:
 CPUs: 4 total, 1 available
 Memory: 1024M
 Large Page Support: Disabled
 NUMA Support: Disabled
 Compressed Oops: Enabled (32-bit)
 Alignments: Space 512K, Generation 512K, Heap 2M
 Heap Min Capacity: 100M
 Heap Initial Capacity: 100M
 Heap Max Capacity: 512M
 Pre-touch: Disabled
 Parallel Workers: 1
Heap:
 PSYoungGen      total 67072K, used 41472K [0x00000000f5580000, 0x00000000fb680000, 0x0000000100000000)
  eden space 41472K, 100% used [0x00000000f5580000,0x00000000f7e00000,0x00000000f7e00000)
  from space 25600K, 0% used [0x00000000f9d80000,0x00000000f9d80000,0x00000000fb680000)
  to   space 13312K, 0% used [0x00000000f7e00000,0x00000000f7e00000,0x00000000f8b00000)
 ParOldGen       total 349696K, used 349695K [0x00000000e0000000, 0x00000000f5580000, 0x00000000f5580000)
  object space 349696K, 99% used [0x00000000e0000000,0x00000000f557ffb8,0x00000000f5580000)
 Metaspace       used 64636K, committed 65728K, reserved 1114112K
  class space    used 6186K, committed 6656K, reserved 1048576K
GC Heap History (20 events):
Event: 913.472 GC heap before
{Heap before GC invocations=466 (full 320):
 PSYoungGen      total 67072K, used 41472K [0x00000000f5580000, 0x00000000fb680000, 0x0000000100000000)
  eden space 41472K, 100% used [0x00000000f5580000,0x00000000f7e00000,0x00000000f7e00000)
  from space 25600K, 0% used [0x00000000f9d80000,0x00000000f9d80000,0x00000000fb680000)
  to   space 13312K, 0% used [0x00000000f7e00000,0x00000000f7e00000,0x00000000f8b00000)
 ParOldGen       total 349696K, used 349695K [0x00000000e0000000, 0x00000000f5580000, 0x00000000f5580000)
  object space 349696K, 99% used [0x00000000e0000000,0x00000000f557feb0,0x00000000f5580000)
 Metaspace       used 64636K, committed 65728K, reserved 1114112K
  class space    used 6186K, committed 6656K, reserved 1048576K
}
Event: 917.466 GC heap after
{Heap after GC invocations=466 (full 320):
 PSYoungGen      total 54784K, used 41472K [0x00000000f5580000, 0x00000000fb680000, 0x0000000100000000)
  eden space 41472K, 100% used [0x00000000f5580000,0x00000000f7e00000,0x00000000f7e00000)
  from space 13312K, 0% used [0x00000000f7e00000,0x00000000f7e00000,0x00000000f8b00000)
  to   space 25600K, 0% used [0x00000000f9d80000,0x00000000f9d80000,0x00000000fb680000)
 ParOldGen       total 349696K, used 349695K [0x00000000e0000000, 0x00000000f5580000, 0x00000000f5580000)
  object space 349696K, 99% used [0x00000000e0000000,0x00000000f557feb0,0x00000000f5580000)
 Metaspace       used 64636K, committed 65728K, reserved 1114112K
  class space    used 6186K, committed 6656K, reserved 1048576K
}
Event: 917.470 GC heap before
{Heap before GC invocations=467 (full 321):
 PSYoungGen      total 54784K, used 41472K [0x00000000f5580000, 0x00000000fb680000, 0x0000000100000000)
  eden space 41472K, 100% used [0x00000000f5580000,0x00000000f7e00000,0x00000000f7e00000)
  from space 13312K, 0% used [0x00000000f7e00000,0x00000000f7e00000,0x00000000f8b00000)
  to   space 25600K, 0% used [0x00000000f9d80000,0x00000000f9d80000,0x00000000fb680000)
 ParOldGen       total 349696K, used 349695K [0x00000000e0000000, 0x00000000f5580000, 0x00000000f5580000)
  object space 349696K, 99% used [0x00000000e0000000,0x00000000f557ffd8,0x00000000f5580000)
 Metaspace       used 64636K, committed 65728K, reserved 1114112K
  class space    used 6186K, committed 6656K, reserved 1048576K
}
Event: 923.744 GC heap after
{Heap after GC invocations=467 (full 321):
 PSYoungGen      total 67072K, used 41472K [0x00000000f5580000, 0x00000000fb680000, 0x0000000100000000)
  eden space 41472K, 100% used [0x00000000f5580000,0x00000000f7e00000,0x00000000f7e00000)
  from space 25600K, 0% used [0x00000000f9d80000,0x00000000f9d80000,0x00000000fb680000)
  to   space 13312K, 0% used [0x00000000f7e00000,0x00000000f7e00000,0x00000000f8b00000)
 ParOldGen       total 349696K, used 349695K [0x00000000e0000000, 0x00000000f5580000, 0x00000000f5580000)
  object space 349696K, 99% used [0x00000000e0000000,0x00000000f557fec8,0x00000000f5580000)
 Metaspace       used 64636K, committed 65728K, reserved 1114112K
  class space    used 6186K, committed 6656K, reserved 1048576K
}
Event: 923.746 GC heap before
{Heap before GC invocations=468 (full 322):
 PSYoungGen      total 67072K, used 41472K [0x00000000f5580000, 0x00000000fb680000, 0x0000000100000000)
  eden space 41472K, 100% used [0x00000000f5580000,0x00000000f7e00000,0x00000000f7e00000)
  from space 25600K, 0% used [0x00000000f9d80000,0x00000000f9d80000,0x00000000fb680000)
  to   space 13312K, 0% used [0x00000000f7e00000,0x00000000f7e00000,0x00000000f8b00000)
 ParOldGen       total 349696K, used 349696K [0x00000000e0000000, 0x00000000f5580000, 0x00000000f5580000)
  object space 349696K, 100% used [0x00000000e0000000,0x00000000f5580000,0x00000000f5580000)
 Metaspace       used 64636K, committed 65728K, reserved 1114112K
  class space    used 6186K, committed 6656K, reserved 1048576K
}
Event: 928.241 GC heap after
{Heap after GC invocations=468 (full 322):
 PSYoungGen      total 54784K, used 41472K [0x00000000f5580000, 0x00000000fb680000, 0x0000000100000000)
  eden space 41472K, 100% used [0x00000000f5580000,0x00000000f7e00000,0x00000000f7e00000)
  from space 13312K, 0% used [0x00000000f7e00000,0x00000000f7e00000,0x00000000f8b00000)
  to   space 25600K, 0% used [0x00000000f9d80000,0x00000000f9d80000,0x00000000fb680000)
 ParOldGen       total 349696K, used 349695K [0x00000000e0000000, 0x00000000f5580000, 0x00000000f5580000)
  object space 349696K, 99% used [0x00000000e0000000,0x00000000f557ff78,0x00000000f5580000)
 Metaspace       used 64636K, committed 65728K, reserved 1114112K
  class space    used 6186K, committed 6656K, reserved 1048576K
}
Event: 928.245 GC heap before
{Heap before GC invocations=469 (full 323):
 PSYoungGen      total 54784K, used 41472K [0x00000000f5580000, 0x00000000fb680000, 0x0000000100000000)
  eden space 41472K, 100% used [0x00000000f5580000,0x00000000f7e00000,0x00000000f7e00000)
  from space 13312K, 0% used [0x00000000f7e00000,0x00000000f7e00000,0x00000000f8b00000)
  to   space 25600K, 0% used [0x00000000f9d80000,0x00000000f9d80000,0x00000000fb680000)
 ParOldGen       total 349696K, used 349695K [0x00000000e0000000, 0x00000000f5580000, 0x00000000f5580000)
  object space 349696K, 99% used [0x00000000e0000000,0x00000000f557fff8,0x00000000f5580000)
 Metaspace       used 64636K, committed 65728K, reserved 1114112K
  class space    used 6186K, committed 6656K, reserved 1048576K
}
Event: 929.983 GC heap after
{Heap after GC invocations=469 (full 323):
 PSYoungGen      total 67072K, used 41472K [0x00000000f5580000, 0x00000000fb680000, 0x0000000100000000)
  eden space 41472K, 100% used [0x00000000f5580000,0x00000000f7e00000,0x00000000f7e00000)
  from space 25600K, 0% used [0x00000000f9d80000,0x00000000f9d80000,0x00000000fb680000)
  to   space 13312K, 0% used [0x00000000f7e00000,0x00000000f7e00000,0x00000000f8b00000)
 ParOldGen       total 349696K, used 349695K [0x00000000e0000000, 0x00000000f5580000, 0x00000000f5580000)
  object space 349696K, 99% used [0x00000000e0000000,0x00000000f557ffa0,0x00000000f5580000)
 Metaspace       used 64636K, committed 65728K, reserved 1114112K
  class space    used 6186K, committed 6656K, reserved 1048576K
}
Event: 929.985 GC heap before
{Heap before GC invocations=470 (full 324):
 PSYoungGen      total 67072K, used 41472K [0x00000000f5580000, 0x00000000fb680000, 0x0000000100000000)
  eden space 41472K, 100% used [0x00000000f5580000,0x00000000f7e00000,0x00000000f7e00000)
  from space 25600K, 0% used [0x00000000f9d80000,0x00000000f9d80000,0x00000000fb680000)
  to   space 13312K, 0% used [0x00000000f7e00000,0x00000000f7e00000,0x00000000f8b00000)
 ParOldGen       total 349696K, used 349695K [0x00000000e0000000, 0x00000000f5580000, 0x00000000f5580000)
  object space 349696K, 99% used [0x00000000e0000000,0x00000000f557fff0,0x00000000f5580000)
 Metaspace       used 64636K, committed 65728K, reserved 1114112K
  class space    used 6186K, committed 6656K, reserved 1048576K
}
Event: 932.060 GC heap after
{Heap after GC invocations=470 (full 324):
 PSYoungGen      total 54784K, used 41472K [0x00000000f5580000, 0x00000000fb680000, 0x0000000100000000)
  eden space 41472K, 100% used [0x00000000f5580000,0x00000000f7e00000,0x00000000f7e00000)
  from space 13312K, 0% used [0x00000000f7e00000,0x00000000f7e00000,0x00000000f8b00000)
  to   space 25600K, 0% used [0x00000000f9d80000,0x00000000f9d80000,0x00000000fb680000)
 ParOldGen       total 349696K, used 349695K [0x00000000e0000000, 0x00000000f5580000, 0x00000000f5580000)
  object space 349696K, 99% used [0x00000000e0000000,0x00000000f557ffd8,0x00000000f5580000)
 Metaspace       used 64636K, committed 65728K, reserved 1114112K
  class space    used 6186K, committed 6656K, reserved 1048576K
}
Event: 932.060 GC heap before
{Heap before GC invocations=471 (full 325):
 PSYoungGen      total 54784K, used 41472K [0x00000000f5580000, 0x00000000fb680000, 0x0000000100000000)
  eden space 41472K, 100% used [0x00000000f5580000,0x00000000f7e00000,0x00000000f7e00000)
  from space 13312K, 0% used [0x00000000f7e00000,0x00000000f7e00000,0x00000000f8b00000)
  to   space 25600K, 0% used [0x00000000f9d80000,0x00000000f9d80000,0x00000000fb680000)
 ParOldGen       total 349696K, used 349695K [0x00000000e0000000, 0x00000000f5580000, 0x00000000f5580000)
  object space 349696K, 99% used [0x00000000e0000000,0x00000000f557ffd8,0x00000000f5580000)
 Metaspace       used 64636K, committed 65728K, reserved 1114112K
  class space    used 6186K, committed 6656K, reserved 1048576K
}
Event: 934.044 GC heap after
{Heap after GC invocations=471 (full 325):
 PSYoungGen      total 67072K, used 41472K [0x00000000f5580000, 0x00000000fb680000, 0x0000000100000000)
  eden space 41472K, 100% used [0x00000000f5580000,0x00000000f7e00000,0x00000000f7e00000)
  from space 25600K, 0% used [0x00000000f9d80000,0x00000000f9d80000,0x00000000fb680000)
  to   space 13312K, 0% used [0x00000000f7e00000,0x00000000f7e00000,0x00000000f8b00000)
 ParOldGen       total 349696K, used 349695K [0x00000000e0000000, 0x00000000f5580000, 0x00000000f5580000)
  object space 349696K, 99% used [0x00000000e0000000,0x00000000f557ffd8,0x00000000f5580000)
 Metaspace       used 64636K, committed 65728K, reserved 1114112K
  class space    used 6186K, committed 6656K, reserved 1048576K
}
Event: 934.044 GC heap before
{Heap before GC invocations=472 (full 326):
 PSYoungGen      total 67072K, used 41472K [0x00000000f5580000, 0x00000000fb680000, 0x0000000100000000)
  eden space 41472K, 100% used [0x00000000f5580000,0x00000000f7e00000,0x00000000f7e00000)
  from space 25600K, 0% used [0x00000000f9d80000,0x00000000f9d80000,0x00000000fb680000)
  to   space 13312K, 0% used [0x00000000f7e00000,0x00000000f7e00000,0x00000000f8b00000)
 ParOldGen       total 349696K, used 349695K [0x00000000e0000000, 0x00000000f5580000, 0x00000000f5580000)
  object space 349696K, 99% used [0x00000000e0000000,0x00000000f557fff8,0x00000000f5580000)
 Metaspace       used 64636K, committed 65728K, reserved 1114112K
  class space    used 6186K, committed 6656K, reserved 1048576K
}
Event: 935.882 GC heap after
{Heap after GC invocations=472 (full 326):
 PSYoungGen      total 54784K, used 41472K [0x00000000f5580000, 0x00000000fb680000, 0x0000000100000000)
  eden space 41472K, 100% used [0x00000000f5580000,0x00000000f7e00000,0x00000000f7e00000)
  from space 13312K, 0% used [0x00000000f7e00000,0x00000000f7e00000,0x00000000f8b00000)
  to   space 25600K, 0% used [0x00000000f9d80000,0x00000000f9d80000,0x00000000fb680000)
 ParOldGen       total 349696K, used 349694K [0x00000000e0000000, 0x00000000f5580000, 0x00000000f5580000)
  object space 349696K, 99% used [0x00000000e0000000,0x00000000f557f8f0,0x00000000f5580000)
 Metaspace       used 64636K, committed 65728K, reserved 1114112K
  class space    used 6186K, committed 6656K, reserved 1048576K
}
Event: 935.883 GC heap before
{Heap before GC invocations=473 (full 327):
 PSYoungGen      total 54784K, used 41472K [0x00000000f5580000, 0x00000000fb680000, 0x0000000100000000)
  eden space 41472K, 100% used [0x00000000f5580000,0x00000000f7e00000,0x00000000f7e00000)
  from space 13312K, 0% used [0x00000000f7e00000,0x00000000f7e00000,0x00000000f8b00000)
  to   space 25600K, 0% used [0x00000000f9d80000,0x00000000f9d80000,0x00000000fb680000)
 ParOldGen       total 349696K, used 349695K [0x00000000e0000000, 0x00000000f5580000, 0x00000000f5580000)
  object space 349696K, 99% used [0x00000000e0000000,0x00000000f557fd00,0x00000000f5580000)
 Metaspace       used 64636K, committed 65728K, reserved 1114112K
  class space    used 6186K, committed 6656K, reserved 1048576K
}
Event: 937.856 GC heap after
{Heap after GC invocations=473 (full 327):
 PSYoungGen      total 67072K, used 41472K [0x00000000f5580000, 0x00000000fb680000, 0x0000000100000000)
  eden space 41472K, 100% used [0x00000000f5580000,0x00000000f7e00000,0x00000000f7e00000)
  from space 25600K, 0% used [0x00000000f9d80000,0x00000000f9d80000,0x00000000fb680000)
  to   space 13312K, 0% used [0x00000000f7e00000,0x00000000f7e00000,0x00000000f8b00000)
 ParOldGen       total 349696K, used 349694K [0x00000000e0000000, 0x00000000f5580000, 0x00000000f5580000)
  object space 349696K, 99% used [0x00000000e0000000,0x00000000f557fbc0,0x00000000f5580000)
 Metaspace       used 64636K, committed 65728K, reserved 1114112K
  class space    used 6186K, committed 6656K, reserved 1048576K
}
Event: 937.857 GC heap before
{Heap before GC invocations=474 (full 328):
 PSYoungGen      total 67072K, used 41472K [0x00000000f5580000, 0x00000000fb680000, 0x0000000100000000)
  eden space 41472K, 100% used [0x00000000f5580000,0x00000000f7e00000,0x00000000f7e00000)
  from space 25600K, 0% used [0x00000000f9d80000,0x00000000f9d80000,0x00000000fb680000)
  to   space 13312K, 0% used [0x00000000f7e00000,0x00000000f7e00000,0x00000000f8b00000)
 ParOldGen       total 349696K, used 349695K [0x00000000e0000000, 0x00000000f5580000, 0x00000000f5580000)
  object space 349696K, 99% used [0x00000000e0000000,0x00000000f557fda0,0x00000000f5580000)
 Metaspace       used 64636K, committed 65728K, reserved 1114112K
  class space    used 6186K, committed 6656K, reserved 1048576K
}
Event: 939.859 GC heap after
{Heap after GC invocations=474 (full 328):
 PSYoungGen      total 54784K, used 41471K [0x00000000f5580000, 0x00000000fb680000, 0x0000000100000000)
  eden space 41472K, 99% used [0x00000000f5580000,0x00000000f7dfff88,0x00000000f7e00000)
  from space 13312K, 0% used [0x00000000f7e00000,0x00000000f7e00000,0x00000000f8b00000)
  to   space 25600K, 0% used [0x00000000f9d80000,0x00000000f9d80000,0x00000000fb680000)
 ParOldGen       total 349696K, used 349695K [0x00000000e0000000, 0x00000000f5580000, 0x00000000f5580000)
  object space 349696K, 99% used [0x00000000e0000000,0x00000000f557fda0,0x00000000f5580000)
 Metaspace       used 64636K, committed 65728K, reserved 1114112K
  class space    used 6186K, committed 6656K, reserved 1048576K
}
Event: 939.859 GC heap before
{Heap before GC invocations=475 (full 329):
 PSYoungGen      total 54784K, used 41471K [0x00000000f5580000, 0x00000000fb680000, 0x0000000100000000)
  eden space 41472K, 99% used [0x00000000f5580000,0x00000000f7dfff88,0x00000000f7e00000)
  from space 13312K, 0% used [0x00000000f7e00000,0x00000000f7e00000,0x00000000f8b00000)
  to   space 25600K, 0% used [0x00000000f9d80000,0x00000000f9d80000,0x00000000fb680000)
 ParOldGen       total 349696K, used 349695K [0x00000000e0000000, 0x00000000f5580000, 0x00000000f5580000)
  object space 349696K, 99% used [0x00000000e0000000,0x00000000f557fda0,0x00000000f5580000)
 Metaspace       used 64636K, committed 65728K, reserved 1114112K
  class space    used 6186K, committed 6656K, reserved 1048576K
}
Event: 942.079 GC heap after
{Heap after GC invocations=475 (full 329):
 PSYoungGen      total 67072K, used 41471K [0x00000000f5580000, 0x00000000fb680000, 0x0000000100000000)
  eden space 41472K, 99% used [0x00000000f5580000,0x00000000f7dfff88,0x00000000f7e00000)
  from space 25600K, 0% used [0x00000000f9d80000,0x00000000f9d80000,0x00000000fb680000)
  to   space 13312K, 0% used [0x00000000f7e00000,0x00000000f7e00000,0x00000000f8b00000)
 ParOldGen       total 349696K, used 349695K [0x00000000e0000000, 0x00000000f5580000, 0x00000000f5580000)
  object space 349696K, 99% used [0x00000000e0000000,0x00000000f557fda0,0x00000000f5580000)
 Metaspace       used 64636K, committed 65728K, reserved 1114112K
  class space    used 6186K, committed 6656K, reserved 1048576K
}

